<?xml version="1.0" encoding="UTF-8"?>
<testng-results ignored="0" total="1" passed="1" failed="0" skipped="0">
  <reporter-output>
  </reporter-output>
  <suite started-at="2020-09-14T18:03:14Z" name="Default suite" finished-at="2020-09-14T18:03:19Z" duration-ms="5059">
    <groups>
    </groups>
    <test started-at="2020-09-14T18:03:14Z" name="Default test" finished-at="2020-09-14T18:03:19Z" duration-ms="5059">
      <class name="testNG.test_proj.NewTest2">
        <test-method is-config="true" signature="beforeMethod()[pri:0, instance:testNG.test_proj.NewTest2@7331196b]" started-at="2020-09-14T18:03:14Z" name="beforeMethod" finished-at="2020-09-14T18:03:19Z" duration-ms="5023" status="PASS">
          <reporter-output>
          </reporter-output>
        </test-method> <!-- beforeMethod -->
        <test-method signature="f()[pri:0, instance:testNG.test_proj.NewTest2@7331196b]" started-at="2020-09-14T18:03:19Z" name="f" finished-at="2020-09-14T18:03:19Z" duration-ms="8" status="PASS">
          <reporter-output>
          </reporter-output>
        </test-method> <!-- f -->
        <test-method is-config="true" signature="afterTest()[pri:0, instance:testNG.test_proj.NewTest2@7331196b]" started-at="2020-09-14T18:03:19Z" name="afterTest" finished-at="2020-09-14T18:03:19Z" duration-ms="1" status="PASS">
          <reporter-output>
          </reporter-output>
        </test-method> <!-- afterTest -->
      </class> <!-- testNG.test_proj.NewTest2 -->
    </test> <!-- Default test -->
  </suite> <!-- Default suite -->
</testng-results>
